<?xml version="1.0" encoding="UTF-8"?>
<!-- Generated by org.testng.reporters.JUnitReportReporter -->
<testsuite skipped="0" hostname="PUN-WKS-AC422" name="TestNG3" tests="3" failures="0" timestamp="18 Jan 2018 07:33:17 GMT" time="0.003" errors="0">
  <testcase name="tc9" time="0.001" classname="TestNG3"/>
  <testcase name="tc8" time="0.001" classname="TestNG3"/>
  <testcase name="tc7" time="0.001" classname="TestNG3"/>
</testsuite> <!-- TestNG3 -->
