<?xml version="1.0" encoding="UTF-8"?>
<!-- Generated by org.testng.reporters.JUnitReportReporter -->
<testsuite skipped="0" hostname="PUN-WKS-AC422" name="TestNG1" tests="3" failures="0" timestamp="18 Jan 2018 07:33:17 GMT" time="0.003" errors="0">
  <testcase name="test4" time="0.001" classname="TestNG1"/>
  <testcase name="test5" time="0.001" classname="TestNG1"/>
  <testcase name="test6" time="0.001" classname="TestNG1"/>
</testsuite> <!-- TestNG1 -->
