<?xml version="1.0" encoding="UTF-8"?>
<!-- Generated by org.testng.reporters.JUnitReportReporter -->
<testsuite skipped="0" hostname="PUN-WKS-AC422" name="TestNG" tests="3" failures="0" timestamp="18 Jan 2018 07:33:17 GMT" time="0.011" errors="0">
  <testcase name="test2" time="0.005" classname="TestNG"/>
  <testcase name="test3" time="0.001" classname="TestNG"/>
  <testcase name="test1" time="0.005" classname="TestNG"/>
</testsuite> <!-- TestNG -->
