<?xml version="1.0" encoding="UTF-8"?>
<!-- Generated by org.testng.reporters.JUnitReportReporter -->
<testsuite skipped="0" hostname="PUN-WKS-AC422" name="com.testcases.LoginPageTest" tests="7" failures="0" timestamp="07 Jan 2019 11:34:03 GMT" time="55.807" errors="0">
  <testcase name="validatImageTest" time="7.519" classname="com.testcases.LoginPageTest"/>
  <testcase name="fbLinkTest" time="8.082" classname="com.testcases.LoginPageTest"/>
  <testcase name="loginPageTitleTest" time="7.407" classname="com.testcases.LoginPageTest"/>
  <testcase name="twitterLinkTest" time="7.561" classname="com.testcases.LoginPageTest"/>
  <testcase name="youtubeLinkTest" time="7.194" classname="com.testcases.LoginPageTest"/>
  <testcase name="loginTest" time="10.742" classname="com.testcases.LoginPageTest"/>
  <testcase name="linkedInLinkTest" time="7.302" classname="com.testcases.LoginPageTest"/>
</testsuite> <!-- com.testcases.LoginPageTest -->
