<?xml version="1.0" encoding="UTF-8"?>
<!-- Generated by org.testng.reporters.JUnitReportReporter -->
<testsuite skipped="0" hostname="PUN-WKS-AC422" name="com.testcases.HomePageTest" tests="8" failures="0" timestamp="07 Jan 2019 11:34:03 GMT" time="105.969" errors="0">
  <testcase name="qualificationPageTest" time="13.748" classname="com.testcases.HomePageTest"/>
  <testcase name="jobTitlePageTest" time="13.649" classname="com.testcases.HomePageTest"/>
  <testcase name="organizationPageTest" time="12.066" classname="com.testcases.HomePageTest"/>
  <testcase name="AdminPageTest" time="15.889" classname="com.testcases.HomePageTest"/>
  <testcase name="configurationPageTest" time="13.121" classname="com.testcases.HomePageTest"/>
  <testcase name="notificationPageTest" time="12.027" classname="com.testcases.HomePageTest"/>
  <testcase name="jobPageTest" time="15.843" classname="com.testcases.HomePageTest"/>
  <testcase name="verifyHomepageTitle" time="9.626" classname="com.testcases.HomePageTest"/>
</testsuite> <!-- com.testcases.HomePageTest -->
