<?xml version="1.0" encoding="UTF-8"?>
<!-- Generated by org.testng.reporters.JUnitReportReporter -->
<testsuite hostname="PUN-WKS-AC422" name="dynamicWebTable.WebTableHandle" tests="3" failures="0" timestamp="6 Jun 2019 11:42:47 GMT" time="37.759" errors="0">
  <testcase name="getMaxPrice" time="8.842" classname="dynamicWebTable.WebTableHandle"/>
  <testcase name="getAllData" time="12.737" classname="dynamicWebTable.WebTableHandle"/>
  <testcase name="specificCellData" time="16.180" classname="dynamicWebTable.WebTableHandle"/>
</testsuite> <!-- dynamicWebTable.WebTableHandle -->
