<?xml version="1.0" encoding="UTF-8"?>
<!-- Generated by org.testng.reporters.JUnitReportReporter -->
<testsuite hostname="PUN-WKS-AC422" name="infosys.XB1" tests="2" failures="0" timestamp="5 Apr 2019 03:45:16 GMT" time="98.176" errors="0">
  <testcase name="buildDbPs4" time="33.018" classname="infosys.XB1"/>
  <testcase name="BuildDBXB1" time="65.158" classname="infosys.XB1"/>
</testsuite> <!-- infosys.XB1 -->
