<?xml version="1.0" encoding="UTF-8"?>
<!-- Generated by org.testng.reporters.JUnitReportReporter -->
<testsuite hostname="PUN-WKS-AC422" name="dataprovider.ScreenShot" tests="2" failures="0" timestamp="6 Jun 2019 11:23:26 GMT" time="17.000" errors="0">
  <testcase name="takeAnotherScreenShot" time="6.478" classname="dataprovider.ScreenShot"/>
  <testcase name="takeScreenShot" time="10.522" classname="dataprovider.ScreenShot"/>
</testsuite> <!-- dataprovider.ScreenShot -->
