<?xml version="1.0" encoding="UTF-8"?>
<!-- Generated by org.testng.reporters.JUnitReportReporter -->
<testsuite hostname="PUN-WKS-AC422" name="infosys.ColorVerify" tests="1" failures="0" timestamp="29 Mar 2019 11:17:21 GMT" time="14.355" errors="0">
  <testcase name="verifyColor" time="14.355" classname="infosys.ColorVerify"/>
</testsuite> <!-- infosys.ColorVerify -->
