<?xml version="1.0" encoding="UTF-8"?>
<!-- Generated by org.testng.reporters.JUnitReportReporter -->
<testsuite hostname="PUN-WKS-AC422" name="infosys.ColorVerify" tests="1" failures="0" timestamp="14 Jun 2019 08:18:45 GMT" time="19.070" errors="0">
  <testcase name="verifyColor" time="19.070" classname="infosys.ColorVerify"/>
</testsuite> <!-- infosys.ColorVerify -->
