<?xml version="1.0" encoding="UTF-8"?>
<!-- Generated by org.testng.reporters.JUnitReportReporter -->
<testsuite hostname="PUN-WKS-AC422" name="dataprovider.DataProvider2" tests="3" failures="0" timestamp="1 Mar 2019 09:59:15 GMT" time="17.941" errors="0">
  <testcase name="testData" time="4.164" classname="dataprovider.DataProvider2"/>
  <testcase name="testData" time="9.237" classname="dataprovider.DataProvider2"/>
  <testcase name="passData" time="4.540" classname="dataprovider.DataProvider2"/>
</testsuite> <!-- dataprovider.DataProvider2 -->
